W0323 16:05:58.476000 139742 torch/distributed/run.py:803] 
W0323 16:05:58.476000 139742 torch/distributed/run.py:803] *****************************************
W0323 16:05:58.476000 139742 torch/distributed/run.py:803] Setting OMP_NUM_THREADS environment variable for each process to be 1 in default, to avoid your system being overloaded, please further tune the variable for optimal performance in your application as needed. 
W0323 16:05:58.476000 139742 torch/distributed/run.py:803] *****************************************
logs/af2d01c8-c188-494a-b1b0-f8a6adce5b39.txt
val_bpb:enabled tokenizer_kind=sentencepiece tokenizer_path=/root/parameter-golf/data/tokenizers/fineweb_1024_bpe.model
train_loader:dataset:fineweb10B_sp1024 train_shards:80
val_loader:shards pattern=/root/parameter-golf/data/datasets/fineweb10B_sp1024/fineweb_val_*.bin tokens:62021632
model_params:26928220
mtp_num_heads:0 mtp_loss_weight:0.2 mtp_params:0
XSA:last_4 active_layers:[7, 8, 9, 10]
world_size:8 grad_accum_steps:1
sdp_backends:cudnn=False flash=True mem_efficient=False math=False
attention_mode:gqa num_heads:8 num_kv_heads:4
tie_embeddings:True embed_lr:0.035 head_lr:0.0 matrix_lr:0.025 scalar_lr:0.025
train_batch_tokens:786432 train_seq_len:2048 iterations:9000 warmup_steps:20 max_wallclock_seconds:600.000
seed:1337
warmup_step:1/20
warmup_step:2/20
warmup_step:3/20
warmup_step:4/20
warmup_step:5/20
warmup_step:6/20
warmup_step:7/20
warmup_step:8/20
warmup_step:9/20
warmup_step:10/20
warmup_step:11/20
warmup_step:12/20
warmup_step:13/20
warmup_step:14/20
warmup_step:15/20
warmup_step:16/20
warmup_step:17/20
warmup_step:18/20
warmup_step:19/20
warmup_step:20/20
step:0/9000 val_loss:6.9304 val_bpb:4.1046 train_time:0ms step_avg:0.01ms
step:1/9000 train_loss:6.9322 train_time:133ms step_avg:132.54ms
step:2/9000 train_loss:8.6545 train_time:166ms step_avg:82.93ms
step:3/9000 train_loss:7.6927 train_time:246ms step_avg:81.97ms
step:4/9000 train_loss:7.2518 train_time:327ms step_avg:81.84ms
step:5/9000 train_loss:7.1707 train_time:409ms step_avg:81.81ms
step:6/9000 train_loss:7.1159 train_time:489ms step_avg:81.57ms
step:7/9000 train_loss:7.0268 train_time:571ms step_avg:81.51ms
step:8/9000 train_loss:6.9599 train_time:652ms step_avg:81.47ms
step:9/9000 train_loss:6.5750 train_time:733ms step_avg:81.47ms
step:10/9000 train_loss:6.2000 train_time:816ms step_avg:81.61ms
step:500/9000 train_loss:2.3992 train_time:41450ms step_avg:82.90ms
step:1000/9000 train_loss:2.2677 train_time:83020ms step_avg:83.02ms
step:1500/9000 train_loss:2.2127 train_time:124687ms step_avg:83.12ms
step:2000/9000 train_loss:2.0525 train_time:166425ms step_avg:83.21ms
step:2500/9000 train_loss:2.1634 train_time:208180ms step_avg:83.27ms
step:3000/9000 train_loss:2.1507 train_time:249938ms step_avg:83.31ms
step:3500/9000 train_loss:2.1664 train_time:291695ms step_avg:83.34ms
step:4000/9000 train_loss:1.9643 train_time:333469ms step_avg:83.37ms
step:4000/9000 val_loss:2.0577 val_bpb:1.2187 train_time:333519ms step_avg:83.38ms
step:4500/9000 train_loss:2.1175 train_time:375247ms step_avg:83.39ms
step:5000/9000 train_loss:2.1003 train_time:417014ms step_avg:83.40ms
step:5500/9000 train_loss:2.0130 train_time:458773ms step_avg:83.41ms
step:6000/9000 train_loss:1.9391 train_time:500541ms step_avg:83.42ms
swa:start step:6500
step:6500/9000 train_loss:2.0804 train_time:542303ms step_avg:83.43ms
late_qat:enabled step:6662 scale:0.1498
step:7000/9000 train_loss:1.7889 train_time:584853ms step_avg:83.55ms
step:7179/9000 val_loss:1.9214 val_bpb:1.1379 train_time:600128ms step_avg:83.59ms
stopping_early: wallclock_cap train_time:600128ms step:7179/9000
peak memory allocated: 21471 MiB reserved: 22002 MiB
ema:applying EMA weights
DIAGNOSTIC post_ema val_loss:1.9196 val_bpb:1.1369 eval_time:1971ms
Serialized model: 106027446 bytes
Code size: 89458 bytes
Serialized model int6+lzma: 15887928 bytes
Total submission size int6+lzma: 15977386 bytes
final_int6_roundtrip val_loss:1.9336 val_bpb:1.1452 eval_time:6562ms
final_int6_roundtrip_exact val_loss:1.93358885 val_bpb:1.14518023
final_int6_sliding_window val_loss:1.8939 val_bpb:1.1217 stride:64 eval_time:74066ms
final_int6_sliding_window_exact val_loss:1.89385556 val_bpb:1.12165091
final_int8_zlib_roundtrip_exact val_loss:1.89385556 val_bpb:1.12165091
ttt_sliding:start chunks=1893 chunk_tokens=32768 total_windows=969088 stride=64 ttt_lr=0.002 ttt_epochs=3 freeze_blocks=0
ttt_sliding:params unfrozen=26928220 frozen=0
  ttt_chunk [1/1893] bpb=1.159980 time=0.5s
  ttt_chunk [11/1893] bpb=1.146741 time=2.7s
  ttt_chunk [21/1893] bpb=1.131759 time=4.8s
  ttt_chunk [31/1893] bpb=1.129251 time=7.0s
  ttt_chunk [41/1893] bpb=1.116035 time=9.1s
  ttt_chunk [51/1893] bpb=1.110636 time=11.3s
  ttt_chunk [61/1893] bpb=1.117614 time=13.4s
  ttt_chunk [71/1893] bpb=1.116068 time=15.6s
  ttt_chunk [81/1893] bpb=1.115280 time=17.8s
  ttt_chunk [91/1893] bpb=1.115913 time=19.9s
  ttt_chunk [101/1893] bpb=1.119640 time=22.1s
  ttt_chunk [111/1893] bpb=1.121926 time=24.2s
  ttt_chunk [121/1893] bpb=1.115465 time=26.4s
  ttt_chunk [131/1893] bpb=1.115687 time=28.5s
  ttt_chunk [141/1893] bpb=1.121404 time=30.7s
  ttt_chunk [151/1893] bpb=1.123210 time=32.9s
  ttt_chunk [161/1893] bpb=1.122919 time=35.0s
  ttt_chunk [171/1893] bpb=1.127371 time=37.2s
  ttt_chunk [181/1893] bpb=1.129716 time=39.3s
  ttt_chunk [191/1893] bpb=1.137063 time=41.5s
  ttt_chunk [201/1893] bpb=1.135822 time=43.7s
  ttt_chunk [211/1893] bpb=1.133605 time=45.8s
  ttt_chunk [221/1893] bpb=1.135028 time=48.0s
  ttt_chunk [231/1893] bpb=1.133602 time=50.1s
  ttt_chunk [241/1893] bpb=1.133887 time=52.3s
  ttt_chunk [251/1893] bpb=1.133402 time=54.5s
  ttt_chunk [261/1893] bpb=1.130566 time=56.6s
  ttt_chunk [271/1893] bpb=1.129398 time=58.8s
  ttt_chunk [281/1893] bpb=1.130685 time=61.0s
  ttt_chunk [291/1893] bpb=1.132438 time=63.1s
  ttt_chunk [301/1893] bpb=1.133145 time=65.3s
  ttt_chunk [311/1893] bpb=1.135237 time=67.4s
  ttt_chunk [321/1893] bpb=1.137158 time=69.6s
  ttt_chunk [331/1893] bpb=1.136909 time=71.8s
  ttt_chunk [341/1893] bpb=1.135973 time=73.9s
  ttt_chunk [351/1893] bpb=1.138226 time=76.1s
  ttt_chunk [361/1893] bpb=1.138372 time=78.3s
  ttt_chunk [371/1893] bpb=1.137648 time=80.4s
  ttt_chunk [381/1893] bpb=1.137809 time=82.6s
  ttt_chunk [391/1893] bpb=1.137588 time=84.7s
  ttt_chunk [401/1893] bpb=1.135457 time=87.1s
  ttt_chunk [411/1893] bpb=1.134245 time=89.3s
  ttt_chunk [421/1893] bpb=1.133342 time=91.4s
  ttt_chunk [431/1893] bpb=1.133174 time=93.6s
  ttt_chunk [441/1893] bpb=1.133560 time=95.8s
  ttt_chunk [451/1893] bpb=1.133816 time=98.0s
  ttt_chunk [461/1893] bpb=1.132666 time=100.1s
  ttt_chunk [471/1893] bpb=1.133250 time=102.3s
  ttt_chunk [481/1893] bpb=1.132911 time=104.5s
  ttt_chunk [491/1893] bpb=1.131846 time=106.6s
  ttt_chunk [501/1893] bpb=1.131375 time=108.8s
  ttt_chunk [511/1893] bpb=1.130701 time=110.9s
  ttt_chunk [521/1893] bpb=1.128297 time=113.1s
  ttt_chunk [531/1893] bpb=1.129482 time=115.2s
  ttt_chunk [541/1893] bpb=1.129803 time=117.4s
  ttt_chunk [551/1893] bpb=1.128773 time=119.6s
  ttt_chunk [561/1893] bpb=1.129299 time=121.7s
  ttt_chunk [571/1893] bpb=1.128266 time=123.9s
  ttt_chunk [581/1893] bpb=1.127432 time=126.0s
  ttt_chunk [591/1893] bpb=1.126796 time=128.3s
  ttt_chunk [601/1893] bpb=1.127264 time=130.4s
  ttt_chunk [611/1893] bpb=1.127183 time=132.6s
  ttt_chunk [621/1893] bpb=1.127047 time=134.7s
  ttt_chunk [631/1893] bpb=1.127715 time=136.9s
  ttt_chunk [641/1893] bpb=1.127455 time=139.1s
  ttt_chunk [651/1893] bpb=1.127603 time=141.2s
  ttt_chunk [661/1893] bpb=1.127066 time=143.4s
  ttt_chunk [671/1893] bpb=1.127382 time=145.5s
  ttt_chunk [681/1893] bpb=1.128066 time=147.7s
  ttt_chunk [691/1893] bpb=1.129077 time=149.9s
  ttt_chunk [701/1893] bpb=1.128554 time=152.0s
  ttt_chunk [711/1893] bpb=1.128542 time=154.2s
  ttt_chunk [721/1893] bpb=1.128212 time=156.3s
  ttt_chunk [731/1893] bpb=1.128268 time=158.5s
  ttt_chunk [741/1893] bpb=1.128398 time=160.7s
  ttt_chunk [751/1893] bpb=1.128249 time=162.8s
  ttt_chunk [761/1893] bpb=1.128211 time=165.0s
  ttt_chunk [771/1893] bpb=1.127869 time=167.1s
  ttt_chunk [781/1893] bpb=1.128624 time=169.3s
  ttt_chunk [791/1893] bpb=1.128218 time=171.5s
  ttt_chunk [801/1893] bpb=1.128539 time=173.6s
  ttt_chunk [811/1893] bpb=1.128319 time=175.8s
  ttt_chunk [821/1893] bpb=1.128102 time=178.0s
  ttt_chunk [831/1893] bpb=1.127943 time=180.1s
  ttt_chunk [841/1893] bpb=1.127322 time=182.3s
  ttt_chunk [851/1893] bpb=1.127076 time=184.5s
  ttt_chunk [861/1893] bpb=1.126825 time=186.6s
  ttt_chunk [871/1893] bpb=1.127099 time=188.8s
  ttt_chunk [881/1893] bpb=1.127289 time=190.9s
  ttt_chunk [891/1893] bpb=1.126847 time=193.1s
  ttt_chunk [901/1893] bpb=1.126579 time=195.2s
  ttt_chunk [911/1893] bpb=1.126697 time=197.4s
  ttt_chunk [921/1893] bpb=1.127204 time=199.6s
  ttt_chunk [931/1893] bpb=1.127192 time=201.7s
  ttt_chunk [941/1893] bpb=1.126846 time=203.9s
  ttt_chunk [951/1893] bpb=1.127227 time=206.0s
  ttt_chunk [961/1893] bpb=1.127318 time=208.2s
  ttt_chunk [971/1893] bpb=1.128176 time=210.4s
  ttt_chunk [981/1893] bpb=1.128236 time=212.6s
  ttt_chunk [991/1893] bpb=1.128215 time=214.7s
  ttt_chunk [1001/1893] bpb=1.128164 time=216.9s
  ttt_chunk [1011/1893] bpb=1.127968 time=219.0s
  ttt_chunk [1021/1893] bpb=1.128320 time=221.2s
  ttt_chunk [1031/1893] bpb=1.128764 time=223.3s
  ttt_chunk [1041/1893] bpb=1.128402 time=225.5s
  ttt_chunk [1051/1893] bpb=1.128156 time=227.7s
  ttt_chunk [1061/1893] bpb=1.128204 time=229.8s
  ttt_chunk [1071/1893] bpb=1.128853 time=232.0s
  ttt_chunk [1081/1893] bpb=1.129143 time=234.2s
  ttt_chunk [1091/1893] bpb=1.129876 time=236.3s
  ttt_chunk [1101/1893] bpb=1.129889 time=238.5s
  ttt_chunk [1111/1893] bpb=1.129732 time=240.6s
  ttt_chunk [1121/1893] bpb=1.129538 time=242.8s
  ttt_chunk [1131/1893] bpb=1.129404 time=244.9s
  ttt_chunk [1141/1893] bpb=1.129105 time=247.1s
  ttt_chunk [1151/1893] bpb=1.129106 time=249.3s
  ttt_chunk [1161/1893] bpb=1.128706 time=251.5s
  ttt_chunk [1171/1893] bpb=1.129036 time=253.7s
  ttt_chunk [1181/1893] bpb=1.128284 time=255.9s
  ttt_chunk [1191/1893] bpb=1.128158 time=258.1s
  ttt_chunk [1201/1893] bpb=1.128567 time=260.2s
  ttt_chunk [1211/1893] bpb=1.128096 time=262.4s
  ttt_chunk [1221/1893] bpb=1.127782 time=264.5s
  ttt_chunk [1231/1893] bpb=1.127494 time=266.7s
  ttt_chunk [1241/1893] bpb=1.127163 time=268.9s
  ttt_chunk [1251/1893] bpb=1.126589 time=271.0s
  ttt_chunk [1261/1893] bpb=1.126572 time=273.2s
  ttt_chunk [1271/1893] bpb=1.126191 time=275.3s
  ttt_chunk [1281/1893] bpb=1.126002 time=277.5s
  ttt_chunk [1291/1893] bpb=1.125767 time=279.6s
  ttt_chunk [1301/1893] bpb=1.125183 time=281.8s
  ttt_chunk [1311/1893] bpb=1.124788 time=284.0s
  ttt_chunk [1321/1893] bpb=1.124455 time=286.1s
  ttt_chunk [1331/1893] bpb=1.124379 time=288.3s
  ttt_chunk [1341/1893] bpb=1.124254 time=290.5s
  ttt_chunk [1351/1893] bpb=1.124182 time=292.6s
  ttt_chunk [1361/1893] bpb=1.124250 time=294.8s
  ttt_chunk [1371/1893] bpb=1.124118 time=297.0s
  ttt_chunk [1381/1893] bpb=1.124101 time=299.1s
  ttt_chunk [1391/1893] bpb=1.123708 time=301.3s
  ttt_chunk [1401/1893] bpb=1.123674 time=303.4s
  ttt_chunk [1411/1893] bpb=1.123790 time=305.6s
  ttt_chunk [1421/1893] bpb=1.124052 time=307.8s
  ttt_chunk [1431/1893] bpb=1.123759 time=309.9s
  ttt_chunk [1441/1893] bpb=1.124264 time=312.1s
  ttt_chunk [1451/1893] bpb=1.124605 time=314.3s
  ttt_chunk [1461/1893] bpb=1.124147 time=316.4s
  ttt_chunk [1471/1893] bpb=1.125183 time=318.6s
  ttt_chunk [1481/1893] bpb=1.124739 time=320.7s
  ttt_chunk [1491/1893] bpb=1.124560 time=322.9s
  ttt_chunk [1501/1893] bpb=1.124466 time=325.0s
  ttt_chunk [1511/1893] bpb=1.124486 time=327.2s
  ttt_chunk [1521/1893] bpb=1.124509 time=329.4s
  ttt_chunk [1531/1893] bpb=1.123992 time=331.6s
  ttt_chunk [1541/1893] bpb=1.123849 time=333.7s
  ttt_chunk [1551/1893] bpb=1.124168 time=335.9s
  ttt_chunk [1561/1893] bpb=1.124173 time=338.0s
  ttt_chunk [1571/1893] bpb=1.124012 time=340.2s
  ttt_chunk [1581/1893] bpb=1.124107 time=342.4s
  ttt_chunk [1591/1893] bpb=1.123963 time=344.5s
  ttt_chunk [1601/1893] bpb=1.124145 time=346.8s
  ttt_chunk [1611/1893] bpb=1.124075 time=349.0s
  ttt_chunk [1621/1893] bpb=1.123673 time=351.1s
  ttt_chunk [1631/1893] bpb=1.123969 time=353.3s
  ttt_chunk [1641/1893] bpb=1.123971 time=355.5s
  ttt_chunk [1651/1893] bpb=1.123931 time=357.6s
  ttt_chunk [1661/1893] bpb=1.123807 time=359.8s
  ttt_chunk [1671/1893] bpb=1.124271 time=361.9s
  ttt_chunk [1681/1893] bpb=1.124429 time=364.1s
  ttt_chunk [1691/1893] bpb=1.124252 time=366.3s
  ttt_chunk [1701/1893] bpb=1.124410 time=368.4s
  ttt_chunk [1711/1893] bpb=1.124423 time=370.6s
  ttt_chunk [1721/1893] bpb=1.124424 time=372.7s
  ttt_chunk [1731/1893] bpb=1.124296 time=374.9s
  ttt_chunk [1741/1893] bpb=1.124094 time=377.1s
  ttt_chunk [1751/1893] bpb=1.123923 time=379.2s
  ttt_chunk [1761/1893] bpb=1.124061 time=381.4s
  ttt_chunk [1771/1893] bpb=1.123969 time=383.5s
  ttt_chunk [1781/1893] bpb=1.123989 time=385.7s
  ttt_chunk [1791/1893] bpb=1.123582 time=387.9s
  ttt_chunk [1801/1893] bpb=1.123452 time=390.0s
  ttt_chunk [1811/1893] bpb=1.123351 time=392.2s
  ttt_chunk [1821/1893] bpb=1.123415 time=394.3s
  ttt_chunk [1831/1893] bpb=1.122820 time=396.5s
  ttt_chunk [1841/1893] bpb=1.122755 time=398.7s
  ttt_chunk [1851/1893] bpb=1.122549 time=400.8s
  ttt_chunk [1861/1893] bpb=1.122183 time=403.0s
  ttt_chunk [1871/1893] bpb=1.122167 time=405.1s
  ttt_chunk [1881/1893] bpb=1.121710 time=407.3s
  ttt_chunk [1891/1893] bpb=1.121468 time=409.5s
  ttt_chunk [1893/1893] bpb=1.121512 time=409.7s
ttt_sliding:done val_loss=1.889768 val_bpb=1.119230 elapsed=409.8s
legal_ttt val_loss:1.8898 val_bpb:1.1192 eval_time:410268ms
legal_ttt_exact val_loss:1.88976776 val_bpb:1.11922988
