Uploading train_gpt.py (55483 bytes)...
[modal] Launching torchrun on 8xH100...
[modal] Script size: 55483 bytes
logs/autoresearch_seed7.txt
val_bpb:enabled tokenizer_kind=sentencepiece tokenizer_path=/data/tokenizers/fineweb_1024_bpe.model
train_loader:dataset:fineweb10B_sp1024 train_shards:80
val_loader:shards pattern=/data/datasets/fineweb10B_sp1024/fineweb_val_*.bin tokens:62021632
model_params:18897488
world_size:8 grad_accum_steps:1
sdp_backends:cudnn=False flash=True mem_efficient=False math=False
attention_mode:gqa num_heads:8 num_kv_heads:4
tie_embeddings:True embed_lr:0.1 head_lr:0.0 matrix_lr:0.04 scalar_lr:0.04
train_batch_tokens:524288 train_seq_len:1024 iterations:20000 warmup_steps:20 max_wallclock_seconds:600.000
seed:7
warmup_step:1/20
warmup_step:2/20
warmup_step:3/20
warmup_step:4/20
warmup_step:5/20
warmup_step:6/20
warmup_step:7/20
warmup_step:8/20
warmup_step:9/20
warmup_step:10/20
warmup_step:11/20
warmup_step:12/20
warmup_step:13/20
warmup_step:14/20
warmup_step:15/20
warmup_step:16/20
warmup_step:17/20
warmup_step:18/20
warmup_step:19/20
warmup_step:20/20
step:1/20000 train_loss:6.9356 train_time:66ms step_avg:65.76ms
step:2/20000 train_loss:24.6999 train_time:104ms step_avg:51.85ms
step:3/20000 train_loss:10.1890 train_time:160ms step_avg:53.34ms
step:4/20000 train_loss:6.3509 train_time:220ms step_avg:54.89ms
step:5/20000 train_loss:6.1613 train_time:276ms step_avg:55.13ms
step:6/20000 train_loss:7.3943 train_time:335ms step_avg:55.86ms
step:7/20000 train_loss:6.4498 train_time:393ms step_avg:56.11ms
step:8/20000 train_loss:6.4479 train_time:450ms step_avg:56.25ms
step:9/20000 train_loss:6.4421 train_time:507ms step_avg:56.36ms
step:10/20000 train_loss:6.3911 train_time:565ms step_avg:56.53ms
step:200/20000 train_loss:2.9848 train_time:11388ms step_avg:56.94ms
step:400/20000 train_loss:2.3865 train_time:22780ms step_avg:56.95ms
step:600/20000 train_loss:2.5612 train_time:34174ms step_avg:56.96ms
step:800/20000 train_loss:2.3107 train_time:45574ms step_avg:56.97ms
step:1000/20000 train_loss:2.3844 train_time:56982ms step_avg:56.98ms
step:1200/20000 train_loss:2.3985 train_time:68369ms step_avg:56.97ms
step:1400/20000 train_loss:2.4504 train_time:79938ms step_avg:57.10ms
step:1600/20000 train_loss:2.1221 train_time:91344ms step_avg:57.09ms
step:1800/20000 train_loss:2.2191 train_time:102745ms step_avg:57.08ms
step:2000/20000 train_loss:2.2744 train_time:114167ms step_avg:57.08ms
step:2200/20000 train_loss:2.1048 train_time:125614ms step_avg:57.10ms
step:2400/20000 train_loss:2.2290 train_time:137051ms step_avg:57.10ms
step:2600/20000 train_loss:2.4426 train_time:148501ms step_avg:57.12ms
step:2800/20000 train_loss:2.2674 train_time:159925ms step_avg:57.12ms
step:3000/20000 train_loss:2.2556 train_time:171387ms step_avg:57.13ms
step:3200/20000 train_loss:2.2267 train_time:182854ms step_avg:57.14ms
step:3400/20000 train_loss:2.1966 train_time:194278ms step_avg:57.14ms
step:3600/20000 train_loss:2.1604 train_time:205735ms step_avg:57.15ms
step:3800/20000 train_loss:2.2604 train_time:217152ms step_avg:57.15ms
step:4000/20000 train_loss:2.2059 train_time:228561ms step_avg:57.14ms
step:4200/20000 train_loss:2.2209 train_time:240156ms step_avg:57.18ms
step:4400/20000 train_loss:2.1617 train_time:251590ms step_avg:57.18ms
step:4600/20000 train_loss:2.0158 train_time:263068ms step_avg:57.19ms
step:4800/20000 train_loss:2.3160 train_time:274498ms step_avg:57.19ms
step:5000/20000 train_loss:2.0824 train_time:285934ms step_avg:57.19ms
step:5200/20000 train_loss:2.2244 train_time:297389ms step_avg:57.19ms
step:5400/20000 train_loss:2.2446 train_time:308787ms step_avg:57.18ms
step:5600/20000 train_loss:2.2422 train_time:320213ms step_avg:57.18ms
step:5800/20000 train_loss:2.2005 train_time:331642ms step_avg:57.18ms
step:6000/20000 train_loss:2.2750 train_time:343140ms step_avg:57.19ms
step:6200/20000 train_loss:2.1433 train_time:354535ms step_avg:57.18ms
step:6400/20000 train_loss:2.2240 train_time:365957ms step_avg:57.18ms
step:6600/20000 train_loss:2.1820 train_time:377379ms step_avg:57.18ms
step:6800/20000 train_loss:2.2432 train_time:388815ms step_avg:57.18ms
step:7000/20000 train_loss:2.2803 train_time:400338ms step_avg:57.19ms
step:7200/20000 train_loss:2.2588 train_time:411733ms step_avg:57.19ms
step:7400/20000 train_loss:2.1762 train_time:423167ms step_avg:57.18ms
step:7600/20000 train_loss:2.0536 train_time:434610ms step_avg:57.19ms
step:7800/20000 train_loss:2.2062 train_time:446028ms step_avg:57.18ms
step:8000/20000 train_loss:2.1741 train_time:457471ms step_avg:57.18ms
step:8200/20000 train_loss:2.2289 train_time:468895ms step_avg:57.18ms
step:8400/20000 train_loss:2.1774 train_time:480489ms step_avg:57.20ms
step:8600/20000 train_loss:2.1666 train_time:491904ms step_avg:57.20ms
step:8800/20000 train_loss:2.1271 train_time:503351ms step_avg:57.20ms
step:9000/20000 train_loss:2.0412 train_time:514781ms step_avg:57.20ms
step:9200/20000 train_loss:2.0934 train_time:526175ms step_avg:57.19ms
step:9400/20000 train_loss:2.1279 train_time:537582ms step_avg:57.19ms
step:9600/20000 train_loss:2.1309 train_time:548991ms step_avg:57.19ms
step:9800/20000 train_loss:2.0441 train_time:560484ms step_avg:57.19ms
step:10000/20000 train_loss:2.0728 train_time:571896ms step_avg:57.19ms
step:10200/20000 train_loss:2.0129 train_time:583355ms step_avg:57.19ms
step:10400/20000 train_loss:2.0294 train_time:594780ms step_avg:57.19ms
step:10491/20000 val_loss:2.0395 val_bpb:1.2079 train_time:600073ms step_avg:57.20ms
stopping_early: wallclock_cap train_time:600073ms step:10491/20000
peak memory allocated: 11329 MiB reserved: 11514 MiB
Serialized model: 74573987 bytes
Code size: 55483 bytes
Total submission size: 74629470 bytes
Serialized model int8+zlib: 15341602 bytes (payload:19552576 raw_torch:19602363 payload_ratio:3.81x)
Total submission size int8+zlib: 15397085 bytes
Compiling forward_logits for sliding window eval (stride=64, seq_len=1024)...
Compilation done, starting sliding window eval...
final_int8_zlib_roundtrip val_loss:1.9830 val_bpb:1.1744 eval_time:134729ms
final_int8_zlib_roundtrip_exact val_loss:1.98298356 val_bpb:1.17443456
[modal] Exit code: 0

[local] Done. Log saved to run_seed7.log
